<?xml version="1.0" encoding="UTF-8"?>
<!-- Generated by org.testng.reporters.JUnitReportReporter -->
<testsuite hostname="L503034" failures="0" tests="1" name="test.java.Tests.TelusSearchTest" time="24.028" errors="0" timestamp="2023-07-30T23:24:55 PDT" skipped="0">
  <testcase classname="test.java.Tests.TelusSearchTest" name="searchTelusTest" time="24.028"/>
  <system-out/>
</testsuite> <!-- test.java.Tests.TelusSearchTest -->
