<?xml version="1.0" encoding="UTF-8"?>
<!-- Generated by org.testng.reporters.JUnitReportReporter -->
<testsuite hostname="L503034" failures="0" tests="1" name="test.java.Tests.NewTest" time="0.007" errors="0" timestamp="2023-07-30T21:36:52 PDT" skipped="0">
  <testcase classname="test.java.Tests.NewTest" name="f" time="0.007"/>
  <system-out/>
</testsuite> <!-- test.java.Tests.NewTest -->
